20.04.2020 19:48:39 [Test][Error] --> Dies ist ein Test
20.04.2020 19:52:23 [Test][Error] --> Dies ist ein Test
20.04.2020 19:52:33 [Test][Error] --> Dies ist ein Test
20.04.2020 19:52:37 [Test][Error] --> Dies ist ein Test
20.04.2020 19:52:42 [Test][Error] --> Dies ist ein Test
20.04.2020 19:52:46 [Test][Error] --> Dies ist ein Test
20.04.2020 19:52:50 [Test][Error] --> Dies ist ein Test
20.04.2020 19:55:25 [FileWriter][Error] --> Datei /home/pi/Documents/smarthome/code/java/bin/../.././logs/test.lognicht gefunden
20.04.2020 19:55:25 [FileWriter][Error] --> Datei /home/pi/Documents/smarthome/code/java/bin/../.././logs/test.lognicht gefunden
20.04.2020 19:55:25 [FileWriter][Error] --> Datei /home/pi/Documents/smarthome/code/java/bin/../.././logs/test.lognicht gefunden
20.04.2020 19:55:25 [Test][Error] --> Dies ist ein Test
20.04.2020 20:02:20 [FileWriter][Error] --> [Ljava.lang.StackTraceElement;@1fa135a
20.04.2020 20:02:20 [Test][Error] --> Dies ist ein Test
22.04.2020 00:27:12 [FileWriter][Error] --> Datei /home/pi/Documents/smarthome/code/compiledVersions/../../logs/infos.log nicht gefunden
22.04.2020 00:27:12 [FileWriter][Error] --> Datei /home/pi/Documents/smarthome/code/compiledVersions/../../logs/infos.log nicht gefunden
22.04.2020 00:27:12 [FileWriter][Error] --> Datei /home/pi/Documents/smarthome/code/compiledVersions/../../logs/infos.log nicht gefunden
22.04.2020 00:27:15 [FileWriter][Error] --> Datei /home/pi/Documents/smarthome/code/compiledVersions/../../logs/infos.log nicht gefunden
22.04.2020 00:27:24 [FileWriter][Error] --> Datei /home/pi/Documents/smarthome/code/compiledVersions/../../logs/infos.log nicht gefunden
22.04.2020 00:27:24 [FileWriter][Error] --> Datei /home/pi/Documents/smarthome/code/compiledVersions/../../logs/infos.log nicht gefunden
22.04.2020 00:36:36 [FileWriter][Error] --> The file /home/pi/Documents/smarthome/code/compiledVersions/../../logs/infos.log couldn't be found
22.04.2020 00:36:36 [FileWriter][Error] --> The file /home/pi/Documents/smarthome/code/compiledVersions/../../logs/infos.log couldn't be found
22.04.2020 00:36:36 [FileWriter][Error] --> The file /home/pi/Documents/smarthome/code/compiledVersions/../../logs/infos.log couldn't be found
22.04.2020 00:36:40 [FileWriter][Error] --> The file /home/pi/Documents/smarthome/code/compiledVersions/../../logs/infos.log couldn't be found
22.04.2020 17:10:34 [JavaPython.FritzBox][Error] --> Eine IO-Exception ist aufgetreten
22.04.2020 19:17:40 [JavaPython.FritzBox][Error] --> Eine IO-Exception ist aufgetreten
22.04.2020 19:29:57 [JavaPython.FritzBox][Error] --> Eine IO-Exception ist aufgetreten
22.04.2020 19:33:27 [JavaPython.FritzBox][Error] --> Eine IO-Exception ist aufgetreten
22.04.2020 20:23:58 [JavaPython.FritzBox][Error] --> Eine IO-Exception ist aufgetreten: ../python/fritzbox/fritzbox.py
23.04.2020 22:01:59 [FileReader][Error] --> File T:\Documents\smarthome\code\java\target\classes couldn't be found
23.04.2020 22:33:48 [FileReader][Error] --> File T:\Documents\smarthome\code\java\target\classes couldn't be found
23.04.2020 22:36:08 [FileReader][Error] --> File T:\Documents\smarthome\code\java\target\classes couldn't be found
23.04.2020 22:36:58 [FileReader][Error] --> File T:\Documents\smarthome\code\java\target\classes couldn't be found
23.04.2020 22:37:07 [FileReader][Error] --> File T:\Documents\smarthome\code\java\target\classes couldn't be found
